<?xml version="1.0" encoding="UTF-8"?>
<testng-results ignored="0" total="1" passed="1" failed="0" skipped="0">
  <reporter-output>
  </reporter-output>
  <suite started-at="2021-11-10T17:05:49 IST" name="Suite" finished-at="2021-11-10T17:05:50 IST" duration-ms="294">
    <groups>
    </groups>
    <test started-at="2021-11-10T17:05:49 IST" name="Test" finished-at="2021-11-10T17:05:50 IST" duration-ms="294">
      <class name="Testing.Test1">
        <test-method signature="method1()[pri:0, instance:Testing.Test1@59af0466]" started-at="2021-11-10T17:05:50 IST" name="method1" finished-at="2021-11-10T17:05:50 IST" duration-ms="49" status="PASS">
          <reporter-output>
          </reporter-output>
        </test-method> <!-- method1 -->
      </class> <!-- Testing.Test1 -->
    </test> <!-- Test -->
  </suite> <!-- Suite -->
</testng-results>
